app/build/intermediates/manifest_merge_blame_file/debug/processDebugMainManifest/manifest-merger-blame-debug-report.txt
1<?xml version="1.0" encoding="utf-8"?>
2<!--
3     Copyright (C) 2020 The Android Open Source Project
4
5     Licensed under the Apache License, Version 2.0 (the "License");
6     you may not use this file except in compliance with the License.
7     You may obtain a copy of the License at
8
9          http://www.apache.org/licenses/LICENSE-2.0
10
11     Unless required by applicable law or agreed to in writing, software
12     distributed under the License is distributed on an "AS IS" BASIS,
13     WITHOUT WARRANTIES OR CONDITIONS OF ANY KIND, either express or implied.
14     See the License for the specific language governing permissions and
15     limitations under the License.
16-->
17<manifest xmlns:android="http://schemas.android.com/apk/res/android"
18    package="com.android.samples.navdonutcreator"
19    android:versionCode="1"
20    android:versionName="1.0" >
21
22    <uses-sdk
23        android:minSdkVersion="21"
24        android:targetSdkVersion="34" />
25
26    <uses-permission android:name="android.permission.POST_NOTIFICATIONS" />
26-->src/main/AndroidManifest.xml:21:5-77
26-->src/main/AndroidManifest.xml:21:22-74
27
28    <permission
28-->[androidx.core:core:1.12.0] AndroidManifest.xml:22:5-24:47
29        android:name="com.android.samples.navdonutcreator.DYNAMIC_RECEIVER_NOT_EXPORTED_PERMISSION"
29-->[androidx.core:core:1.12.0] AndroidManifest.xml:23:9-81
30        android:protectionLevel="signature" />
30-->[androidx.core:core:1.12.0] AndroidManifest.xml:24:9-44
31
32    <uses-permission android:name="com.android.samples.navdonutcreator.DYNAMIC_RECEIVER_NOT_EXPORTED_PERMISSION" />
32-->[androidx.core:core:1.12.0] AndroidManifest.xml:26:5-97
32-->[androidx.core:core:1.12.0] AndroidManifest.xml:26:22-94
33
34    <application
34-->src/main/AndroidManifest.xml:23:5-44:19
35        android:allowBackup="true"
35-->src/main/AndroidManifest.xml:24:9-35
36        android:appComponentFactory="androidx.core.app.CoreComponentFactory"
36-->[androidx.core:core:1.12.0] AndroidManifest.xml:28:18-86
37        android:debuggable="true"
38        android:extractNativeLibs="true"
39        android:icon="@mipmap/ic_launcher"
39-->src/main/AndroidManifest.xml:25:9-43
40        android:label="@string/app_name"
40-->src/main/AndroidManifest.xml:26:9-41
41        android:roundIcon="@mipmap/ic_launcher_round"
41-->src/main/AndroidManifest.xml:27:9-54
42        android:supportsRtl="true"
42-->src/main/AndroidManifest.xml:28:9-35
43        android:testOnly="true"
44        android:theme="@style/AppTheme" >
44-->src/main/AndroidManifest.xml:29:9-40
45        <activity
45-->src/main/AndroidManifest.xml:30:9-43:20
46            android:name="com.android.samples.donuttracker.MainActivity"
46-->src/main/AndroidManifest.xml:31:13-73
47            android:exported="true"
47-->src/main/AndroidManifest.xml:34:13-36
48            android:label="@string/app_name"
48-->src/main/AndroidManifest.xml:32:13-45
49            android:theme="@style/AppTheme.NoActionBar" >
49-->src/main/AndroidManifest.xml:33:13-56
50            <intent-filter>
50-->src/main/AndroidManifest.xml:36:13-40:29
51                <action android:name="android.intent.action.MAIN" />
51-->src/main/AndroidManifest.xml:37:17-69
51-->src/main/AndroidManifest.xml:37:25-66
52
53                <category android:name="android.intent.category.LAUNCHER" />
53-->src/main/AndroidManifest.xml:39:17-77
53-->src/main/AndroidManifest.xml:39:27-74
54            </intent-filter>
55
56            <meta-data
56-->src/main/AndroidManifest.xml:41:13-42:53
57                android:name="android.app.shortcuts"
57-->src/main/AndroidManifest.xml:41:24-60
58                android:resource="@xml/shortcuts" />
58-->src/main/AndroidManifest.xml:42:17-50
59
60            <intent-filter>
60-->nav_graph.xml:37:9-72
61                <action android:name="android.intent.action.VIEW" />
61-->nav_graph.xml:37:9-72
61-->nav_graph.xml:37:9-72
62
63                <category android:name="android.intent.category.DEFAULT" />
63-->nav_graph.xml:37:9-72
63-->nav_graph.xml:37:9-72
64                <category android:name="android.intent.category.BROWSABLE" />
64-->nav_graph.xml:37:9-72
64-->nav_graph.xml:37:9-72
65
66                <data android:scheme="myapp" />
66-->nav_graph.xml:37:9-72
66-->nav_graph.xml:37:9-72
67                <data android:host="navdonutcreator.com" />
67-->nav_graph.xml:37:9-72
67-->nav_graph.xml:37:9-72
68                <data android:path="/donutcreator" />
68-->nav_graph.xml:37:9-72
68-->nav_graph.xml:37:9-72
69            </intent-filter>
70            <intent-filter>
70-->nav_bagel.xml:12:9-55
71                <action android:name="android.intent.action.VIEW" />
71-->nav_graph.xml:37:9-72
71-->nav_graph.xml:37:9-72
72
73                <category android:name="android.intent.category.DEFAULT" />
73-->nav_graph.xml:37:9-72
73-->nav_graph.xml:37:9-72
74                <category android:name="android.intent.category.BROWSABLE" />
74-->nav_graph.xml:37:9-72
74-->nav_graph.xml:37:9-72
75
76                <data android:scheme="donut-app" />
76-->nav_graph.xml:37:9-72
76-->nav_graph.xml:37:9-72
77                <data android:host="donut" />
77-->nav_graph.xml:37:9-72
77-->nav_graph.xml:37:9-72
78                <data android:path="/bagel" />
78-->nav_graph.xml:37:9-72
78-->nav_graph.xml:37:9-72
79            </intent-filter>
80        </activity>
81
82        <service
82-->[androidx.room:room-runtime:2.6.1] AndroidManifest.xml:24:9-28:63
83            android:name="androidx.room.MultiInstanceInvalidationService"
83-->[androidx.room:room-runtime:2.6.1] AndroidManifest.xml:25:13-74
84            android:directBootAware="true"
84-->[androidx.room:room-runtime:2.6.1] AndroidManifest.xml:26:13-43
85            android:exported="false" />
85-->[androidx.room:room-runtime:2.6.1] AndroidManifest.xml:27:13-37
86
87        <provider
87-->[androidx.emoji2:emoji2:1.2.0] AndroidManifest.xml:24:9-32:20
88            android:name="androidx.startup.InitializationProvider"
88-->[androidx.emoji2:emoji2:1.2.0] AndroidManifest.xml:25:13-67
89            android:authorities="com.android.samples.navdonutcreator.androidx-startup"
89-->[androidx.emoji2:emoji2:1.2.0] AndroidManifest.xml:26:13-68
90            android:exported="false" >
90-->[androidx.emoji2:emoji2:1.2.0] AndroidManifest.xml:27:13-37
91            <meta-data
91-->[androidx.emoji2:emoji2:1.2.0] AndroidManifest.xml:29:13-31:52
92                android:name="androidx.emoji2.text.EmojiCompatInitializer"
92-->[androidx.emoji2:emoji2:1.2.0] AndroidManifest.xml:30:17-75
93                android:value="androidx.startup" />
93-->[androidx.emoji2:emoji2:1.2.0] AndroidManifest.xml:31:17-49
94            <meta-data
94-->[androidx.lifecycle:lifecycle-process:2.7.0] AndroidManifest.xml:29:13-31:52
95                android:name="androidx.lifecycle.ProcessLifecycleInitializer"
95-->[androidx.lifecycle:lifecycle-process:2.7.0] AndroidManifest.xml:30:17-78
96                android:value="androidx.startup" />
96-->[androidx.lifecycle:lifecycle-process:2.7.0] AndroidManifest.xml:31:17-49
97            <meta-data
97-->[androidx.profileinstaller:profileinstaller:1.3.0] AndroidManifest.xml:29:13-31:52
98                android:name="androidx.profileinstaller.ProfileInstallerInitializer"
98-->[androidx.profileinstaller:profileinstaller:1.3.0] AndroidManifest.xml:30:17-85
99                android:value="androidx.startup" />
99-->[androidx.profileinstaller:profileinstaller:1.3.0] AndroidManifest.xml:31:17-49
100        </provider>
101
102        <uses-library
102-->[androidx.window:window:1.0.0] AndroidManifest.xml:25:9-27:40
103            android:name="androidx.window.extensions"
103-->[androidx.window:window:1.0.0] AndroidManifest.xml:26:13-54
104            android:required="false" />
104-->[androidx.window:window:1.0.0] AndroidManifest.xml:27:13-37
105        <uses-library
105-->[androidx.window:window:1.0.0] AndroidManifest.xml:28:9-30:40
106            android:name="androidx.window.sidecar"
106-->[androidx.window:window:1.0.0] AndroidManifest.xml:29:13-51
107            android:required="false" />
107-->[androidx.window:window:1.0.0] AndroidManifest.xml:30:13-37
108
109        <receiver
109-->[androidx.profileinstaller:profileinstaller:1.3.0] AndroidManifest.xml:34:9-52:20
110            android:name="androidx.profileinstaller.ProfileInstallReceiver"
110-->[androidx.profileinstaller:profileinstaller:1.3.0] AndroidManifest.xml:35:13-76
111            android:directBootAware="false"
111-->[androidx.profileinstaller:profileinstaller:1.3.0] AndroidManifest.xml:36:13-44
112            android:enabled="true"
112-->[androidx.profileinstaller:profileinstaller:1.3.0] AndroidManifest.xml:37:13-35
113            android:exported="true"
113-->[androidx.profileinstaller:profileinstaller:1.3.0] AndroidManifest.xml:38:13-36
114            android:permission="android.permission.DUMP" >
114-->[androidx.profileinstaller:profileinstaller:1.3.0] AndroidManifest.xml:39:13-57
115            <intent-filter>
115-->[androidx.profileinstaller:profileinstaller:1.3.0] AndroidManifest.xml:40:13-42:29
116                <action android:name="androidx.profileinstaller.action.INSTALL_PROFILE" />
116-->[androidx.profileinstaller:profileinstaller:1.3.0] AndroidManifest.xml:41:17-91
116-->[androidx.profileinstaller:profileinstaller:1.3.0] AndroidManifest.xml:41:25-88
117            </intent-filter>
118            <intent-filter>
118-->[androidx.profileinstaller:profileinstaller:1.3.0] AndroidManifest.xml:43:13-45:29
119                <action android:name="androidx.profileinstaller.action.SKIP_FILE" />
119-->[androidx.profileinstaller:profileinstaller:1.3.0] AndroidManifest.xml:44:17-85
119-->[androidx.profileinstaller:profileinstaller:1.3.0] AndroidManifest.xml:44:25-82
120            </intent-filter>
121            <intent-filter>
121-->[androidx.profileinstaller:profileinstaller:1.3.0] AndroidManifest.xml:46:13-48:29
122                <action android:name="androidx.profileinstaller.action.SAVE_PROFILE" />
122-->[androidx.profileinstaller:profileinstaller:1.3.0] AndroidManifest.xml:47:17-88
122-->[androidx.profileinstaller:profileinstaller:1.3.0] AndroidManifest.xml:47:25-85
123            </intent-filter>
124            <intent-filter>
124-->[androidx.profileinstaller:profileinstaller:1.3.0] AndroidManifest.xml:49:13-51:29
125                <action android:name="androidx.profileinstaller.action.BENCHMARK_OPERATION" />
125-->[androidx.profileinstaller:profileinstaller:1.3.0] AndroidManifest.xml:50:17-95
125-->[androidx.profileinstaller:profileinstaller:1.3.0] AndroidManifest.xml:50:25-92
126            </intent-filter>
127        </receiver>
128    </application>
129
130</manifest>